<?xml version="1.0" encoding="UTF-8"?>
<testng-results skipped="0" failed="0" ignored="0" total="1" passed="1">
  <reporter-output>
  </reporter-output>
  <suite name="Default suite" duration-ms="885" started-at="2021-06-06T22:43:52 ART" finished-at="2021-06-06T22:43:53 ART">
    <groups>
      <group name="cucumber">
        <method signature="AbstractTestNGCucumberTests.runScenario(io.cucumber.testng.PickleWrapper,io.cucumber.testng.FeatureWrapper)[pri:0, instance:cucumberOptions.TestNgTestRunner@6f195bc3]" name="runScenario" class="io.cucumber.testng.AbstractTestNGCucumberTests"/>
      </group> <!-- cucumber -->
    </groups>
    <test name="Default test" duration-ms="885" started-at="2021-06-06T22:43:52 ART" finished-at="2021-06-06T22:43:53 ART">
      <class name="cucumberOptions.TestNgTestRunner">
        <test-method status="PASS" signature="setUpClass()[pri:0, instance:cucumberOptions.TestNgTestRunner@6f195bc3]" name="setUpClass" is-config="true" duration-ms="602" started-at="2021-06-06T22:43:52 ART" finished-at="2021-06-06T22:43:53 ART">
          <reporter-output>
          </reporter-output>
        </test-method> <!-- setUpClass -->
        <test-method status="PASS" signature="runScenario(io.cucumber.testng.PickleWrapper,io.cucumber.testng.FeatureWrapper)[pri:0, instance:cucumberOptions.TestNgTestRunner@6f195bc3]" name="runScenario" duration-ms="206" started-at="2021-06-06T22:43:53 ART" description="Runs Cucumber Scenarios" data-provider="scenarios" finished-at="2021-06-06T22:43:53 ART">
          <params>
            <param index="0">
              <value>
                <![CDATA["Home Page Default Login"]]>
              </value>
            </param>
            <param index="1">
              <value>
                <![CDATA["Optional[Application Login]"]]>
              </value>
            </param>
          </params>
          <reporter-output>
          </reporter-output>
        </test-method> <!-- runScenario -->
        <test-method status="PASS" signature="tearDownClass()[pri:0, instance:cucumberOptions.TestNgTestRunner@6f195bc3]" name="tearDownClass" is-config="true" duration-ms="11" started-at="2021-06-06T22:43:53 ART" finished-at="2021-06-06T22:43:53 ART">
          <reporter-output>
          </reporter-output>
        </test-method> <!-- tearDownClass -->
      </class> <!-- cucumberOptions.TestNgTestRunner -->
    </test> <!-- Default test -->
  </suite> <!-- Default suite -->
</testng-results>
